mode: set
github.com/tsawler/bookings/internal/handlers/handlers.go:30.62,35.2 1 0
github.com/tsawler/bookings/internal/handlers/handlers.go:37.51,42.2 1 1
github.com/tsawler/bookings/internal/handlers/handlers.go:44.33,46.2 1 1
github.com/tsawler/bookings/internal/handlers/handlers.go:48.67,51.2 1 0
github.com/tsawler/bookings/internal/handlers/handlers.go:53.68,56.2 1 0
github.com/tsawler/bookings/internal/handlers/handlers.go:58.74,61.9 2 1
github.com/tsawler/bookings/internal/handlers/handlers.go:67.2,68.16 2 1
github.com/tsawler/bookings/internal/handlers/handlers.go:72.2,89.4 10 1
github.com/tsawler/bookings/internal/handlers/handlers.go:61.9,65.3 3 1
github.com/tsawler/bookings/internal/handlers/handlers.go:68.16,71.3 2 0
github.com/tsawler/bookings/internal/handlers/handlers.go:92.78,94.9 2 0
github.com/tsawler/bookings/internal/handlers/handlers.go:99.2,101.16 2 0
github.com/tsawler/bookings/internal/handlers/handlers.go:106.2,117.19 9 0
github.com/tsawler/bookings/internal/handlers/handlers.go:128.2,129.16 2 0
github.com/tsawler/bookings/internal/handlers/handlers.go:133.2,142.16 3 0
github.com/tsawler/bookings/internal/handlers/handlers.go:146.2,148.66 2 0
github.com/tsawler/bookings/internal/handlers/handlers.go:94.9,97.3 2 0
github.com/tsawler/bookings/internal/handlers/handlers.go:101.16,104.3 2 0
github.com/tsawler/bookings/internal/handlers/handlers.go:117.19,126.3 4 0
github.com/tsawler/bookings/internal/handlers/handlers.go:129.16,131.3 1 0
github.com/tsawler/bookings/internal/handlers/handlers.go:142.16,144.3 1 0
github.com/tsawler/bookings/internal/handlers/handlers.go:151.71,153.2 1 0
github.com/tsawler/bookings/internal/handlers/handlers.go:155.69,157.2 1 0
github.com/tsawler/bookings/internal/handlers/handlers.go:159.75,161.2 1 0
github.com/tsawler/bookings/internal/handlers/handlers.go:163.79,169.16 5 0
github.com/tsawler/bookings/internal/handlers/handlers.go:173.2,176.16 3 0
github.com/tsawler/bookings/internal/handlers/handlers.go:181.2,182.16 2 0
github.com/tsawler/bookings/internal/handlers/handlers.go:192.2,192.21 1 0
github.com/tsawler/bookings/internal/handlers/handlers.go:199.2,210.4 5 0
github.com/tsawler/bookings/internal/handlers/handlers.go:169.16,172.3 2 0
github.com/tsawler/bookings/internal/handlers/handlers.go:176.16,179.3 2 0
github.com/tsawler/bookings/internal/handlers/handlers.go:182.16,186.3 3 0
github.com/tsawler/bookings/internal/handlers/handlers.go:192.21,197.3 3 0
github.com/tsawler/bookings/internal/handlers/handlers.go:223.79,244.16 10 0
github.com/tsawler/bookings/internal/handlers/handlers.go:249.2,250.14 2 0
github.com/tsawler/bookings/internal/handlers/handlers.go:244.16,247.3 2 0
github.com/tsawler/bookings/internal/handlers/handlers.go:253.70,255.2 1 0
github.com/tsawler/bookings/internal/handlers/handlers.go:257.81,259.9 2 0
github.com/tsawler/bookings/internal/handlers/handlers.go:266.2,280.4 9 0
github.com/tsawler/bookings/internal/handlers/handlers.go:259.9,264.3 4 0
github.com/tsawler/bookings/internal/handlers/handlers.go:283.73,285.16 2 0
github.com/tsawler/bookings/internal/handlers/handlers.go:290.2,291.9 2 0
github.com/tsawler/bookings/internal/handlers/handlers.go:296.2,299.63 3 0
github.com/tsawler/bookings/internal/handlers/handlers.go:285.16,288.3 2 0
github.com/tsawler/bookings/internal/handlers/handlers.go:291.9,294.3 2 0
github.com/tsawler/bookings/internal/handlers/handlers.go:302.71,314.16 9 0
github.com/tsawler/bookings/internal/handlers/handlers.go:318.2,326.41 7 0
github.com/tsawler/bookings/internal/handlers/handlers.go:314.16,317.3 2 0
